2024-10-06 20:15:47,594 INFO:Coordenadas de London: Lat 51.5073219, Lon -0.1276474
2024-10-06 20:16:08,900 INFO:Datos obtenidos correctamente para London: {'city': 'London', 'temperature': 285.36, 'humidity': 85, 'weather_description': 'scattered clouds', 'wind_speed': 4.38}
2024-10-06 20:21:12,283 INFO:Coordenadas de London: Lat 51.5073219, Lon -0.1276474
2024-10-06 20:21:33,610 INFO:Datos obtenidos correctamente para London: {'city': 'London', 'temperature': 285.36, 'humidity': 85, 'weather_description': 'scattered clouds', 'wind_speed': 4.38}
2024-10-06 20:21:55,960 INFO:Coordenadas de New York: Lat 40.7127281, Lon -74.0060152
2024-10-06 20:22:17,330 INFO:Datos obtenidos correctamente para New York: {'city': 'New York', 'temperature': 292.3, 'humidity': 66, 'weather_description': 'broken clouds', 'wind_speed': 5.83}
2024-10-06 20:22:39,683 INFO:Coordenadas de Tokyo: Lat 35.6828387, Lon 139.7594549
2024-10-06 20:23:01,299 INFO:Datos obtenidos correctamente para Tokyo: {'city': 'Tokyo', 'temperature': 299.3, 'humidity': 71, 'weather_description': 'broken clouds', 'wind_speed': 6.2}
2024-10-06 20:23:23,617 INFO:Coordenadas de Bogot·: Lat 4.6534649, Lon -74.0836453
2024-10-06 20:23:45,135 INFO:Datos obtenidos correctamente para Bogot·: {'city': 'Bogot·', 'temperature': 286.57, 'humidity': 94, 'weather_description': 'overcast clouds', 'wind_speed': 0.65}
2024-10-06 20:24:07,498 INFO:Coordenadas de Paris: Lat 48.8588897, Lon 2.3200410217200766
2024-10-06 20:24:22,837 INFO:Datos obtenidos correctamente para Paris: {'city': 'Paris', 'temperature': 288.19, 'humidity': 90, 'weather_description': 'broken clouds', 'wind_speed': 4.01}
2024-10-06 22:02:28,676 ERROR:Error al obtener coordenadas para London: 401 Client Error: Unauthorized for url: http://api.openweathermap.org/geo/1.0/direct?q=London&limit=1&appid=None
2024-10-07 03:30:34,690 INFO:Coordenadas de London: Lat 51.5073219, Lon -0.1276474
2024-10-07 03:30:34,844 INFO:Datos obtenidos correctamente para London: {'city': 'London', 'temperature': 285.78, 'humidity': 91, 'weather_description': 'overcast clouds', 'wind_speed': 3.49}
2024-10-07 03:30:35,981 INFO:Coordenadas de New York: Lat 40.7127281, Lon -74.0060152
2024-10-07 03:30:36,106 INFO:Datos obtenidos correctamente para New York: {'city': 'New York', 'temperature': 291.51, 'humidity': 68, 'weather_description': 'broken clouds', 'wind_speed': 3.59}
2024-10-07 03:30:37,373 INFO:Coordenadas de Tokyo: Lat 35.6828387, Lon 139.7594549
2024-10-07 03:30:37,494 INFO:Datos obtenidos correctamente para Tokyo: {'city': 'Tokyo', 'temperature': 301, 'humidity': 65, 'weather_description': 'broken clouds', 'wind_speed': 8.5}
2024-10-07 03:30:38,633 INFO:Coordenadas de Bogot√°: Lat 4.6534649, Lon -74.0836453
2024-10-07 03:30:38,749 INFO:Datos obtenidos correctamente para Bogot√°: {'city': 'Bogot√°', 'temperature': 286.04, 'humidity': 94, 'weather_description': 'overcast clouds', 'wind_speed': 0.43}
2024-10-07 03:30:39,886 INFO:Coordenadas de Paris: Lat 48.8588897, Lon 2.3200410217200766
2024-10-07 03:30:40,001 INFO:Datos obtenidos correctamente para Paris: {'city': 'Paris', 'temperature': 287.98, 'humidity': 84, 'weather_description': 'moderate rain', 'wind_speed': 3.58}
